
> Configure project :libpebble3:libpebble3
w: [33m[1m⚠️ Unsupported API dependency types in test source sets[0m[0m
API dependency types are used in test source sets
Dependencies:
    - org.jetbrains.kotlinx:atomicfu:0.29.0 (source sets: iosArm64Test, iosSimulatorArm64Test, iosX64Test)

Adding API dependency types to test source sets is not supported and will removed in a future version of Kotlin.

API dependencies are transitively exposed to consumers, but test source sets should not be consumable.
[32m[1mSolutions:[0m[0m
[32m • [3mReplace API dependency types in test source sets with implementation dependencies.[0m[0m
[32m • [3mFor Kotlin/JVM projects, consider using Test Fixtures https://docs.gradle.org/current/userguide/java_testing.html#sec:java_test_fixtures[0m[0m
[32m • [3mFor Test Fixtures support in non-Kotlin/JVM projects, please add your use-case to https://youtrack.jetbrains.com/issue/KT-63142[0m[0m


> Task :libpebble3:blobdbgen:checkKotlinGradlePluginConfigurationErrors SKIPPED
> Task :checkKotlinGradlePluginConfigurationErrors SKIPPED
> Task :libpebble3:libpebble3:convertXmlValueResourcesForCommonMain NO-SOURCE
> Task :libpebble3:blobannotations:kmpPartiallyResolvedDependenciesChecker
> Task :libpebble3:blobannotations:checkKotlinGradlePluginConfigurationErrors SKIPPED
> Task :libpebble3:libpebble3:copyNonXmlValueResourcesForCommonMain NO-SOURCE
> Task :processResources UP-TO-DATE
> Task :libpebble3:libpebble3:prepareComposeResourcesTaskForCommonMain NO-SOURCE
> Task :libpebble3:libpebble3:convertXmlValueResourcesForJvmMain NO-SOURCE
> Task :libpebble3:libpebble3:copyNonXmlValueResourcesForJvmMain NO-SOURCE
> Task :libpebble3:libpebble3:prepareComposeResourcesTaskForJvmMain NO-SOURCE
> Task :libpebble3:libpebble3:assembleJvmMainResources UP-TO-DATE
> Task :libpebble3:libpebble3:generateResourceAccessorsForCommonMain SKIPPED
> Task :libpebble3:libpebble3:generateResourceAccessorsForJvmMain SKIPPED
> Task :libpebble3:libpebble3:generateActualResourceCollectorsForJvmMain SKIPPED
> Task :libpebble3:libpebble3:generateComposeResClass SKIPPED
> Task :libpebble3:libpebble3:generateExpectResourceCollectorsForCommonMain SKIPPED
> Task :libpebble3:libpebble3:kmpPartiallyResolvedDependenciesChecker
> Task :libpebble3:libpebble3:checkKotlinGradlePluginConfigurationErrors SKIPPED
> Task :libpebble3:blobannotations:compileKotlinJvm UP-TO-DATE
> Task :libpebble3:blobannotations:compileJvmMainJava NO-SOURCE
> Task :libpebble3:blobannotations:jvmProcessResources NO-SOURCE
> Task :libpebble3:blobannotations:processJvmMainResources SKIPPED
> Task :libpebble3:blobannotations:jvmMainClasses UP-TO-DATE
> Task :libpebble3:blobannotations:jvmJar UP-TO-DATE
> Task :libpebble3:blobdbgen:kspKotlin SKIPPED
> Task :libpebble3:blobannotations:transformCommonMainDependenciesMetadata UP-TO-DATE
> Task :libpebble3:blobannotations:compileCommonMainKotlinMetadata UP-TO-DATE
> Task :libpebble3:blobannotations:generateProjectStructureMetadata UP-TO-DATE
> Task :libpebble3:blobannotations:metadataCommonMainProcessResources NO-SOURCE
> Task :libpebble3:blobannotations:metadataCommonMainClasses UP-TO-DATE
> Task :libpebble3:blobdbgen:compileKotlin UP-TO-DATE
> Task :libpebble3:blobdbgen:compileJava NO-SOURCE
> Task :libpebble3:blobannotations:allMetadataJar UP-TO-DATE
> Task :libpebble3:blobdbgen:processResources UP-TO-DATE
> Task :libpebble3:blobdbgen:classes UP-TO-DATE
> Task :libpebble3:blobdbgen:jar UP-TO-DATE
> Task :libpebble3:blobannotations:commonizeNativeDistribution UP-TO-DATE
> Task :libpebble3:blobannotations:transformNativeMainCInteropDependenciesMetadata UP-TO-DATE
> Task :libpebble3:blobannotations:transformNativeMainDependenciesMetadata UP-TO-DATE
> Task :libpebble3:blobannotations:compileNativeMainKotlinMetadata NO-SOURCE
> Task :libpebble3:blobannotations:metadataNativeMainProcessResources NO-SOURCE
> Task :libpebble3:blobannotations:metadataNativeMainClasses UP-TO-DATE
> Task :libpebble3:blobannotations:transformAppleMainCInteropDependenciesMetadata UP-TO-DATE
> Task :libpebble3:blobannotations:transformAppleMainDependenciesMetadata UP-TO-DATE
> Task :libpebble3:blobannotations:compileAppleMainKotlinMetadata NO-SOURCE
> Task :libpebble3:blobannotations:metadataAppleMainProcessResources NO-SOURCE
> Task :libpebble3:blobannotations:metadataAppleMainClasses UP-TO-DATE
> Task :libpebble3:blobannotations:transformIosMainCInteropDependenciesMetadata UP-TO-DATE
> Task :libpebble3:blobannotations:transformIosMainDependenciesMetadata UP-TO-DATE
> Task :libpebble3:blobannotations:compileIosMainKotlinMetadata NO-SOURCE
> Task :libpebble3:blobannotations:metadataIosMainProcessResources NO-SOURCE
> Task :libpebble3:blobannotations:metadataIosMainClasses UP-TO-DATE
> Task :libpebble3:blobannotations:exportCommonSourceSetsMetadataLocationsForMetadataApiElements UP-TO-DATE
> Task :libpebble3:blobannotations:iosArm64MetadataElements UP-TO-DATE
> Task :libpebble3:blobannotations:iosSimulatorArm64MetadataElements UP-TO-DATE
> Task :libpebble3:blobannotations:iosX64MetadataElements UP-TO-DATE
> Task :libpebble3:libpebble3:transformCommonMainDependenciesMetadata UP-TO-DATE
> Task :libpebble3:libpebble3:kspCommonMainKotlinMetadata UP-TO-DATE
> Task :libpebble3:libpebble3:kspKotlinJvm UP-TO-DATE
> Task :libpebble3:libpebble3:copyRoomSchemas NO-SOURCE
> Task :libpebble3:libpebble3:jvmProcessResources UP-TO-DATE
> Task :libpebble3:libpebble3:compileKotlinJvm UP-TO-DATE
> Task :libpebble3:libpebble3:compileJvmMainJava NO-SOURCE
> Task :libpebble3:libpebble3:processJvmMainResources SKIPPED
> Task :libpebble3:libpebble3:jvmMainClasses UP-TO-DATE
> Task :libpebble3:libpebble3:transformJvmMainAtomicfu UP-TO-DATE
> Task :libpebble3:libpebble3:jvmJar UP-TO-DATE
> Task :compileKotlin UP-TO-DATE
> Task :compileJava NO-SOURCE
> Task :classes UP-TO-DATE

> Task :run
21:29:58.277 INFO  [main] de.yoxcu.stoandl.Main - stoandl starting
21:29:58.913 DEBUG [DefaultDispatcher-worker-4] GattServerManager - Bluetooth state: Disabled
21:29:58.914 WARN  [main] PhoneContactsSyncer - No permission
21:29:58.915 WARN  [main] MissedCallSyncer - No permission
21:29:58.915 DEBUG [DefaultDispatcher-worker-4] GattServerManager - close gatt server
21:29:58.915 DEBUG [DefaultDispatcher-worker-4] GattServerManager - Bluetooth state: Enabled
21:29:58.915 INFO  [main] d.y.s.p.DbusNotificationListenerConnection - DBus notification listener connection initialized
21:29:58.916 DEBUG [DefaultDispatcher-worker-4] GattServerManager - open gatt server
21:29:58.927 DEBUG [DefaultDispatcher-worker-9] d.y.stoandl.pebble.PebbleIntegration - Starting BLE scan
21:29:58.928 INFO  [main] d.y.stoandl.pebble.PebbleIntegration - libpebble3 initialized
21:29:58.938 INFO  [main] de.yoxcu.stoandl.Main - stoandl running — press Ctrl-C to stop
21:29:59.074 INFO  [DefaultDispatcher-worker-15] d.y.s.dbus.DbusNotificationMonitor - Notification monitor: BecomeMonitor active
21:29:59.077 DEBUG [DefaultDispatcher-worker-4] BluezGattServer - BlueZ GATT objects exported at /io/gravel/gatt
21:29:59.111 INFO  [DefaultDispatcher-worker-4] BluezGattServer - BlueZ GATT application registered
21:30:02.813 INFO  [DefaultDispatcher-worker-8] d.y.stoandl.pebble.PebbleIntegration - Requesting connection to {"object_path":"/org/bluez/hci0/dev_4B_AD_3E_ED_50_0F"}
21:30:02.815 INFO  [DefaultDispatcher-worker-8] d.y.stoandl.pebble.PebbleIntegration - Requesting connection to {"object_path":"/org/bluez/hci0/dev_4B_AD_3E_ED_50_0F"}
21:30:02.887 DEBUG [DefaultDispatcher-worker-4] PebbleBle - connect() reversedPPoG = false
21:30:02.888 INFO  [DefaultDispatcher-worker-4] BluezGattServer - registerDevice: {"object_path":"/org/bluez/hci0/dev_4B_AD_3E_ED_50_0F"}
21:30:04.205 DEBUG [DefaultDispatcher-worker-10] PebbleBle - services = true
21:30:04.207 ERROR [DefaultDispatcher-worker-10] KableConnectedGattClient - couldn't find characteristic: 00000005-328e-0fbb-c642-1aa6699bdada
21:30:04.207 ERROR [DefaultDispatcher-worker-10]  - error subscribing to connection params
21:30:04.208 INFO  [DefaultDispatcher-worker-10] PebbleBle - error setting up connection params
21:30:04.208 DEBUG [DefaultDispatcher-worker-10] PebbleBle - done connectionParams
21:30:04.211 DEBUG [DefaultDispatcher-worker-8] PebbleBle - newMtu = 23
21:30:04.212 DEBUG [DefaultDispatcher-worker-10] PebbleBle - done mtu update
21:30:04.214 DEBUG [DefaultDispatcher-worker-10] PebbleBle - subscribed connectivity d
21:30:04.602 INFO  [DBus-Signal-Receiver-1] BluezGattServer - PropertiesChanged LOOPBACK #1 path=/org/bluez/hci0/dev_4B_AD_3E_ED_50_0F/service0019/char001a confirmed — signal reached D-Bus system bus (sent=0)
21:30:04.607 DEBUG [DefaultDispatcher-worker-8] PebbleBle - connectionStatus = < ConnectivityStatus connected = true paired = false encrypted = false hasBondedGateway = false supportsPinningWithoutSlaveSecurity = false hasRemoteAttemptedToUseStalePairing = false pairingErrorCode = NO_ERROR>
21:30:04.608 ERROR [DefaultDispatcher-worker-8] KableConnectedGattClient - couldn't find characteristic: 00002a19-0000-1000-8000-00805f9b34fb
21:30:04.608 ERROR [DefaultDispatcher-worker-8] BatteryWatcher - batterySub is null
21:30:04.627 DEBUG [DefaultDispatcher-worker-8] PebbleBle - needs pairing
21:30:04.644 INFO  [bluez-pair] PairingJvm - Calling Pair() on /org/bluez/hci0/dev_4B_AD_3E_ED_50_0F
21:30:09.067 INFO  [DBus-Signal-Receiver-1] BluezGattServer - PropertiesChanged LOOPBACK #2 path=/org/bluez/hci0/dev_4B_AD_3E_ED_50_0F/service0019/char001a confirmed — signal reached D-Bus system bus (sent=0)
21:30:09.084 INFO  [bluez-pair] PairingJvm - Pair() completed for /org/bluez/hci0/dev_4B_AD_3E_ED_50_0F
21:30:09.085 DEBUG [DBus-Signal-Receiver-1] PairingJvm - Paired property changed: true
21:30:09.089 INFO  [DefaultDispatcher-worker-4] BluezGattServer - registerDevice: {"object_path":"/org/bluez/hci0/dev_4B_AD_3E_ED_50_0F"}
21:30:09.089 DEBUG [DefaultDispatcher-worker-4] PebbleBle - services after pairing = true
21:30:09.090 DEBUG [DefaultDispatcher-worker-4] PebbleBle - requestedPpogResetViaCharacteristic = false
21:30:09.090 INFO  [DefaultDispatcher-worker-4] PPoG - run(): waiting for PPoG RESET_REQUEST
21:30:09.093 DEBUG [DefaultDispatcher-worker-4] PebbleConnector - Success
21:30:09.093 INFO  [DefaultDispatcher-worker-8] PPoG - initWaitingForResetRequest: waiting for RESET_REQUEST
21:30:09.252 INFO  [DBus-Signal-Receiver-1] BluezGattServer - PropertiesChanged LOOPBACK #3 path=/org/bluez/hci0/dev_4B_AD_3E_ED_50_0F/service0019/char001a confirmed — signal reached D-Bus system bus (sent=0)
21:30:10.828 INFO  [DefaultDispatcher-worker-8] GattServerManager - sending meta response (watch reading META characteristic)
21:30:10.902 INFO  [DBus-MethodCall-Receiver-3] BluezGattServer - StartNotify on PPoG characteristic
21:30:11.016 DEBUG [DBus-MethodCall-Receiver-4] BluezGattServer - WriteValue: 14 bytes
21:30:11.022 INFO  [DefaultDispatcher-worker-8] PPoG - got ResetRequest(sequence=0, ppogVersion=ONE)
21:30:11.025 DEBUG [DefaultDispatcher-worker-8] PPoG - sendPacketImmediately: ResetComplete(sequence=0, rxWindow=25, txWindow=25)
21:30:11.034 DEBUG [DefaultDispatcher-worker-8] BluezGattServer - sendData: emitting PropertiesChanged #1 (3 bytes: 03, 19, 19...) notifySubscribed=true loopbacksSeen=3
21:30:11.035 DEBUG [DefaultDispatcher-worker-8] BluezGattServer - sendData: sendMessage() returned without exception for #1
21:30:11.037 INFO  [DBus-Signal-Receiver-1] BluezGattServer - PropertiesChanged LOOPBACK #4 path=/io/gravel/gatt/service0/char0 confirmed — signal reached D-Bus system bus (sent=1)
21:30:11.088 DEBUG [DBus-MethodCall-Receiver-1] BluezGattServer - WriteValue: 3 bytes
21:30:11.089 DEBUG [DBus-MethodCall-Receiver-2] BluezGattServer - WriteValue: 6 bytes
21:30:11.090 WARN  [DefaultDispatcher-worker-8] PPoG - unexpected packet Data(sequence=0, data=[0, 1, 0, 17, 0]) while waiting for ResetComplete — ignoring
21:30:11.090 DEBUG [DBus-MethodCall-Receiver-3] BluezGattServer - WriteValue: 35 bytes
21:30:11.091 INFO  [DefaultDispatcher-worker-8] PPoG - got ResetComplete(sequence=0, rxWindow=29, txWindow=4)
21:30:11.094 DEBUG [DefaultDispatcher-worker-8] PPoG - runConnection: PPoGConnectionParams(rxWindow=4, txWindow=25, pPoGversion=ONE)
21:30:11.103 WARN  [DefaultDispatcher-worker-8] PPoG - data out of sequence; resending last ack
21:30:16.001 DEBUG [DBus-MethodCall-Receiver-1] BluezGattServer - WriteValue: 35 bytes
21:30:16.001 DEBUG [DBus-MethodCall-Receiver-4] BluezGattServer - WriteValue: 6 bytes
21:30:16.002 WARN  [DefaultDispatcher-worker-8] PPoG - data out of sequence; resending last ack
21:30:16.009 DEBUG [DefaultDispatcher-worker-8] BluezGattServer - sendData: emitting PropertiesChanged #2 (1 bytes: 01...) notifySubscribed=true loopbacksSeen=4
21:30:16.010 DEBUG [DefaultDispatcher-worker-8] BluezGattServer - sendData: sendMessage() returned without exception for #2
21:30:16.012 INFO  [DBus-Signal-Receiver-1] BluezGattServer - PropertiesChanged LOOPBACK #5 path=/io/gravel/gatt/service0/char0 confirmed — signal reached D-Bus system bus (sent=2)
21:30:16.042 DEBUG [DefaultDispatcher-worker-10] BluezGattServer - sendData: emitting PropertiesChanged #3 (20 bytes: 00, 00, 19, 00...) notifySubscribed=true loopbacksSeen=5
21:30:16.043 DEBUG [DefaultDispatcher-worker-10] BluezGattServer - sendData: sendMessage() returned without exception for #3
21:30:16.045 DEBUG [DefaultDispatcher-worker-10] BluezGattServer - sendData: emitting PropertiesChanged #4 (11 bytes: 08, 04, 02, a7...) notifySubscribed=true loopbacksSeen=6
21:30:16.045 INFO  [DBus-Signal-Receiver-1] BluezGattServer - PropertiesChanged LOOPBACK #6 path=/io/gravel/gatt/service0/char0 confirmed — signal reached D-Bus system bus (sent=4)
21:30:16.046 DEBUG [DefaultDispatcher-worker-10] BluezGattServer - sendData: sendMessage() returned without exception for #4
21:30:16.047 DEBUG [DefaultDispatcher-worker-10] BluezGattServer - sendData: emitting PropertiesChanged #5 (6 bytes: 10, 00, 01, 00...) notifySubscribed=true loopbacksSeen=6
21:30:16.048 DEBUG [DefaultDispatcher-worker-10] BluezGattServer - sendData: sendMessage() returned without exception for #5
21:30:16.048 INFO  [DBus-Signal-Receiver-1] BluezGattServer - PropertiesChanged LOOPBACK #7 path=/io/gravel/gatt/service0/char0 confirmed — signal reached D-Bus system bus (sent=5)
21:30:16.050 INFO  [DBus-Signal-Receiver-1] BluezGattServer - PropertiesChanged LOOPBACK #8 path=/io/gravel/gatt/service0/char0 confirmed — signal reached D-Bus system bus (sent=5)
21:30:16.114 DEBUG [DBus-MethodCall-Receiver-2] BluezGattServer - WriteValue: 11 bytes
21:30:16.114 WARN  [DefaultDispatcher-worker-10] PPoG - data out of sequence; resending last ack
21:30:16.115 DEBUG [DefaultDispatcher-worker-10] BluezGattServer - sendData: emitting PropertiesChanged #6 (1 bytes: 01...) notifySubscribed=true loopbacksSeen=8
21:30:16.115 DEBUG [DefaultDispatcher-worker-10] BluezGattServer - sendData: sendMessage() returned without exception for #6
21:30:16.117 INFO  [DBus-Signal-Receiver-1] BluezGattServer - PropertiesChanged LOOPBACK #9 path=/io/gravel/gatt/service0/char0 confirmed — signal reached D-Bus system bus (sent=6)
21:30:16.338 DEBUG [DBus-MethodCall-Receiver-3] BluezGattServer - WriteValue: 1 bytes
21:30:16.380 DEBUG [DBus-MethodCall-Receiver-4] BluezGattServer - WriteValue: 160 bytes
21:30:16.380 WARN  [DefaultDispatcher-worker-7] PPoG - data out of sequence; resending last ack
21:30:16.380 DEBUG [DefaultDispatcher-worker-7] BluezGattServer - sendData: emitting PropertiesChanged #7 (1 bytes: 01...) notifySubscribed=true loopbacksSeen=9
21:30:16.380 DEBUG [DefaultDispatcher-worker-7] BluezGattServer - sendData: sendMessage() returned without exception for #7
21:30:16.382 INFO  [DBus-Signal-Receiver-1] BluezGattServer - PropertiesChanged LOOPBACK #10 path=/io/gravel/gatt/service0/char0 confirmed — signal reached D-Bus system bus (sent=7)
21:30:22.002 DEBUG [DBus-MethodCall-Receiver-2] BluezGattServer - WriteValue: 11 bytes
21:30:22.002 DEBUG [DBus-MethodCall-Receiver-1] BluezGattServer - WriteValue: 35 bytes
21:30:22.002 WARN  [DefaultDispatcher-worker-7] PPoG - data out of sequence; resending last ack
21:30:22.003 DEBUG [DefaultDispatcher-worker-7] BluezGattServer - sendData: emitting PropertiesChanged #8 (1 bytes: 01...) notifySubscribed=true loopbacksSeen=10
21:30:22.003 DEBUG [DefaultDispatcher-worker-7] BluezGattServer - sendData: sendMessage() returned without exception for #8
21:30:22.004 DEBUG [DefaultDispatcher-worker-7] BluezGattServer - sendData: emitting PropertiesChanged #9 (1 bytes: 09...) notifySubscribed=true loopbacksSeen=10
21:30:22.005 DEBUG [DefaultDispatcher-worker-7] BluezGattServer - sendData: sendMessage() returned without exception for #9
21:30:22.005 INFO  [DBus-Signal-Receiver-1] BluezGattServer - PropertiesChanged LOOPBACK #11 path=/io/gravel/gatt/service0/char0 confirmed — signal reached D-Bus system bus (sent=9)
21:30:22.007 INFO  [DBus-Signal-Receiver-1] BluezGattServer - PropertiesChanged LOOPBACK #12 path=/io/gravel/gatt/service0/char0 confirmed — signal reached D-Bus system bus (sent=9)
21:30:22.040 DEBUG [DBus-MethodCall-Receiver-3] BluezGattServer - WriteValue: 160 bytes
21:30:22.041 WARN  [DefaultDispatcher-worker-7] PPoG - data out of sequence; resending last ack
21:30:22.041 DEBUG [DefaultDispatcher-worker-7] BluezGattServer - sendData: emitting PropertiesChanged #10 (1 bytes: 09...) notifySubscribed=true loopbacksSeen=12
21:30:22.042 DEBUG [DefaultDispatcher-worker-7] BluezGattServer - sendData: sendMessage() returned without exception for #10
21:30:22.043 INFO  [DBus-Signal-Receiver-1] BluezGattServer - PropertiesChanged LOOPBACK #13 path=/io/gravel/gatt/service0/char0 confirmed — signal reached D-Bus system bus (sent=10)
21:30:23.663 DEBUG [DBus-MethodCall-Receiver-1] d.y.s.dbus.DbusNotificationMonitor - Notify: app=notify-send summary=App Name
21:30:23.665 DEBUG [DefaultDispatcher-worker-7] de.yoxcu.stoandl.Main - Forwarding notification to watch: notify-send – App Name
21:30:23.705 INFO  [DefaultDispatcher-worker-6] d.y.s.p.DbusNotificationListenerConnection - Sent notification to watch: App Name
21:30:28.001 DEBUG [DBus-MethodCall-Receiver-4] BluezGattServer - WriteValue: 11 bytes
21:30:28.003 DEBUG [DefaultDispatcher-worker-6] BluezGattServer - sendData: emitting PropertiesChanged #11 (1 bytes: 11...) notifySubscribed=true loopbacksSeen=13
21:30:28.003 DEBUG [DefaultDispatcher-worker-6] BluezGattServer - sendData: sendMessage() returned without exception for #11
21:30:28.006 DEBUG [DBus-MethodCall-Receiver-1] BluezGattServer - WriteValue: 160 bytes
21:30:28.007 DEBUG [DefaultDispatcher-worker-3] BluezGattServer - sendData: emitting PropertiesChanged #12 (1 bytes: 19...) notifySubscribed=true loopbacksSeen=14
21:30:28.007 INFO  [DBus-Signal-Receiver-1] BluezGattServer - PropertiesChanged LOOPBACK #14 path=/io/gravel/gatt/service0/char0 confirmed — signal reached D-Bus system bus (sent=11)
21:30:28.008 DEBUG [DefaultDispatcher-worker-3] BluezGattServer - sendData: sendMessage() returned without exception for #12
21:30:28.009 INFO  [DBus-Signal-Receiver-1] BluezGattServer - PropertiesChanged LOOPBACK #15 path=/io/gravel/gatt/service0/char0 confirmed — signal reached D-Bus system bus (sent=12)
21:30:28.030 DEBUG [DefaultDispatcher-worker-9] BluezGattServer - sendData: emitting PropertiesChanged #13 (16 bytes: 18, 00, 0b, 13...) notifySubscribed=true loopbacksSeen=15
21:30:28.030 DEBUG [DefaultDispatcher-worker-9] BluezGattServer - sendData: sendMessage() returned without exception for #13
21:30:28.032 INFO  [DBus-Signal-Receiver-1] BluezGattServer - PropertiesChanged LOOPBACK #16 path=/io/gravel/gatt/service0/char0 confirmed — signal reached D-Bus system bus (sent=13)
21:30:28.076 DEBUG [DBus-MethodCall-Receiver-2] BluezGattServer - WriteValue: 11 bytes
21:30:28.077 DEBUG [DefaultDispatcher-worker-9] BluezGattServer - sendData: emitting PropertiesChanged #14 (1 bytes: 21...) notifySubscribed=true loopbacksSeen=16
21:30:28.077 DEBUG [DefaultDispatcher-worker-9] BluezGattServer - sendData: sendMessage() returned without exception for #14
21:30:28.079 INFO  [DBus-Signal-Receiver-1] BluezGattServer - PropertiesChanged LOOPBACK #17 path=/io/gravel/gatt/service0/char0 confirmed — signal reached D-Bus system bus (sent=14)
21:30:28.111 DEBUG [DefaultDispatcher-worker-4] BluezGattServer - sendData: emitting PropertiesChanged #15 (20 bytes: 20, 00, 15, 00...) notifySubscribed=true loopbacksSeen=17
21:30:28.112 DEBUG [DefaultDispatcher-worker-4] BluezGattServer - sendData: sendMessage() returned without exception for #15
21:30:28.113 DEBUG [DefaultDispatcher-worker-4] BluezGattServer - sendData: emitting PropertiesChanged #16 (7 bytes: 28, 42, 65, 72...) notifySubscribed=true loopbacksSeen=17
21:30:28.114 DEBUG [DefaultDispatcher-worker-4] BluezGattServer - sendData: sendMessage() returned without exception for #16
21:30:28.114 INFO  [DBus-Signal-Receiver-1] BluezGattServer - PropertiesChanged LOOPBACK #18 path=/io/gravel/gatt/service0/char0 confirmed — signal reached D-Bus system bus (sent=16)
21:30:28.115 DEBUG [DefaultDispatcher-worker-4] BluezGattServer - sendData: emitting PropertiesChanged #17 (6 bytes: 30, 00, 01, 00...) notifySubscribed=true loopbacksSeen=18
21:30:28.115 INFO  [DBus-Signal-Receiver-1] BluezGattServer - PropertiesChanged LOOPBACK #19 path=/io/gravel/gatt/service0/char0 confirmed — signal reached D-Bus system bus (sent=17)
21:30:28.116 DEBUG [DefaultDispatcher-worker-4] BluezGattServer - sendData: sendMessage() returned without exception for #17
21:30:28.117 INFO  [DBus-Signal-Receiver-1] BluezGattServer - PropertiesChanged LOOPBACK #20 path=/io/gravel/gatt/service0/char0 confirmed — signal reached D-Bus system bus (sent=17)
21:30:28.264 DEBUG [DBus-MethodCall-Receiver-3] BluezGattServer - WriteValue: 1 bytes
21:30:28.302 DEBUG [DBus-MethodCall-Receiver-4] BluezGattServer - WriteValue: 22 bytes
21:30:28.304 DEBUG [DefaultDispatcher-worker-3] BluezGattServer - sendData: emitting PropertiesChanged #18 (1 bytes: 29...) notifySubscribed=true loopbacksSeen=20
21:30:28.304 DEBUG [DefaultDispatcher-worker-3] BluezGattServer - sendData: sendMessage() returned without exception for #18
21:30:28.306 INFO  [DBus-Signal-Receiver-1] BluezGattServer - PropertiesChanged LOOPBACK #21 path=/io/gravel/gatt/service0/char0 confirmed — signal reached D-Bus system bus (sent=18)
21:30:28.341 DEBUG [DefaultDispatcher-worker-4] BluezGattServer - sendData: emitting PropertiesChanged #19 (6 bytes: 38, 00, 01, 1a...) notifySubscribed=true loopbacksSeen=21
21:30:28.342 DEBUG [DefaultDispatcher-worker-4] BluezGattServer - sendData: sendMessage() returned without exception for #19
21:30:28.344 INFO  [DBus-Signal-Receiver-1] BluezGattServer - PropertiesChanged LOOPBACK #22 path=/io/gravel/gatt/service0/char0 confirmed — signal reached D-Bus system bus (sent=19)
21:30:28.345 DEBUG [DefaultDispatcher-worker-13] BluezGattServer - sendData: emitting PropertiesChanged #20 (9 bytes: 40, 00, 04, b1...) notifySubscribed=true loopbacksSeen=22
21:30:28.345 DEBUG [DefaultDispatcher-worker-13] BluezGattServer - sendData: sendMessage() returned without exception for #20
21:30:28.346 INFO  [DBus-Signal-Receiver-1] BluezGattServer - PropertiesChanged LOOPBACK #23 path=/io/gravel/gatt/service0/char0 confirmed — signal reached D-Bus system bus (sent=20)
21:30:28.349 DEBUG [DefaultDispatcher-worker-7] BluezGattServer - sendData: emitting PropertiesChanged #21 (20 bytes: 48, 00, b2, ab...) notifySubscribed=true loopbacksSeen=23
21:30:28.350 DEBUG [DefaultDispatcher-worker-7] BluezGattServer - sendData: sendMessage() returned without exception for #21
21:30:28.351 DEBUG [DefaultDispatcher-worker-7] BluezGattServer - sendData: emitting PropertiesChanged #22 (20 bytes: 50, ca, ad, fe...) notifySubscribed=true loopbacksSeen=23
21:30:28.351 DEBUG [DefaultDispatcher-worker-7] BluezGattServer - sendData: sendMessage() returned without exception for #22
21:30:28.352 INFO  [DBus-Signal-Receiver-1] BluezGattServer - PropertiesChanged LOOPBACK #24 path=/io/gravel/gatt/service0/char0 confirmed — signal reached D-Bus system bus (sent=22)
21:30:28.352 DEBUG [DefaultDispatcher-worker-7] BluezGattServer - sendData: emitting PropertiesChanged #23 (20 bytes: 58, b2, ca, e8...) notifySubscribed=true loopbacksSeen=24
21:30:28.353 DEBUG [DefaultDispatcher-worker-7] BluezGattServer - sendData: sendMessage() returned without exception for #23
21:30:28.354 DEBUG [DefaultDispatcher-worker-7] BluezGattServer - sendData: emitting PropertiesChanged #24 (20 bytes: 60, 95, ef, 69...) notifySubscribed=true loopbacksSeen=25
21:30:28.354 INFO  [DBus-Signal-Receiver-1] BluezGattServer - PropertiesChanged LOOPBACK #25 path=/io/gravel/gatt/service0/char0 confirmed — signal reached D-Bus system bus (sent=23)
21:30:28.355 DEBUG [DefaultDispatcher-worker-7] BluezGattServer - sendData: sendMessage() returned without exception for #24
21:30:28.355 INFO  [DBus-Signal-Receiver-1] BluezGattServer - PropertiesChanged LOOPBACK #26 path=/io/gravel/gatt/service0/char0 confirmed — signal reached D-Bus system bus (sent=24)
21:30:28.356 DEBUG [DefaultDispatcher-worker-7] BluezGattServer - sendData: emitting PropertiesChanged #25 (20 bytes: 68, 46, 0d, a2...) notifySubscribed=true loopbacksSeen=26
21:30:28.357 DEBUG [DefaultDispatcher-worker-7] BluezGattServer - sendData: sendMessage() returned without exception for #25
21:30:28.358 DEBUG [DefaultDispatcher-worker-7] BluezGattServer - sendData: emitting PropertiesChanged #26 (20 bytes: 70, e2, 8f, 12...) notifySubscribed=true loopbacksSeen=26
21:30:28.358 INFO  [DBus-Signal-Receiver-1] BluezGattServer - PropertiesChanged LOOPBACK #27 path=/io/gravel/gatt/service0/char0 confirmed — signal reached D-Bus system bus (sent=26)
21:30:28.358 DEBUG [DefaultDispatcher-worker-7] BluezGattServer - sendData: sendMessage() returned without exception for #26
21:30:28.360 DEBUG [DefaultDispatcher-worker-7] BluezGattServer - sendData: emitting PropertiesChanged #27 (20 bytes: 78, fc, 18, d4...) notifySubscribed=true loopbacksSeen=27
21:30:28.360 DEBUG [DefaultDispatcher-worker-7] BluezGattServer - sendData: sendMessage() returned without exception for #27
21:30:28.361 INFO  [DBus-Signal-Receiver-1] BluezGattServer - PropertiesChanged LOOPBACK #28 path=/io/gravel/gatt/service0/char0 confirmed — signal reached D-Bus system bus (sent=28)
21:30:28.361 DEBUG [DefaultDispatcher-worker-7] BluezGattServer - sendData: emitting PropertiesChanged #28 (20 bytes: 80, 55, 42, 6c...) notifySubscribed=true loopbacksSeen=28
21:30:28.362 DEBUG [DefaultDispatcher-worker-7] BluezGattServer - sendData: sendMessage() returned without exception for #28
21:30:28.362 DEBUG [DefaultDispatcher-worker-7] BluezGattServer - sendData: emitting PropertiesChanged #29 (20 bytes: 88, 86, 86, 31...) notifySubscribed=true loopbacksSeen=28
21:30:28.362 INFO  [DBus-Signal-Receiver-1] BluezGattServer - PropertiesChanged LOOPBACK #29 path=/io/gravel/gatt/service0/char0 confirmed — signal reached D-Bus system bus (sent=29)
21:30:28.363 DEBUG [DefaultDispatcher-worker-7] BluezGattServer - sendData: sendMessage() returned without exception for #29
21:30:28.363 INFO  [DBus-Signal-Receiver-1] BluezGattServer - PropertiesChanged LOOPBACK #30 path=/io/gravel/gatt/service0/char0 confirmed — signal reached D-Bus system bus (sent=29)
21:30:28.364 DEBUG [DefaultDispatcher-worker-7] BluezGattServer - sendData: emitting PropertiesChanged #30 (12 bytes: 90, cb, 45, 61...) notifySubscribed=true loopbacksSeen=30
21:30:28.364 DEBUG [DefaultDispatcher-worker-7] BluezGattServer - sendData: sendMessage() returned without exception for #30
21:30:28.364 INFO  [DBus-Signal-Receiver-1] BluezGattServer - PropertiesChanged LOOPBACK #31 path=/io/gravel/gatt/service0/char0 confirmed — signal reached D-Bus system bus (sent=30)
21:30:28.365 DEBUG [DefaultDispatcher-worker-7] BluezGattServer - sendData: emitting PropertiesChanged #31 (20 bytes: 98, 00, b2, ab...) notifySubscribed=true loopbacksSeen=32
21:30:28.365 INFO  [DBus-Signal-Receiver-1] BluezGattServer - PropertiesChanged LOOPBACK #32 path=/io/gravel/gatt/service0/char0 confirmed — signal reached D-Bus system bus (sent=31)
21:30:28.365 DEBUG [DefaultDispatcher-worker-7] BluezGattServer - sendData: sendMessage() returned without exception for #31
21:30:28.366 DEBUG [DefaultDispatcher-worker-7] BluezGattServer - sendData: emitting PropertiesChanged #32 (20 bytes: a0, ca, ad, fe...) notifySubscribed=true loopbacksSeen=32
21:30:28.366 DEBUG [DefaultDispatcher-worker-7] BluezGattServer - sendData: sendMessage() returned without exception for #32
21:30:28.367 DEBUG [DefaultDispatcher-worker-7] BluezGattServer - sendData: emitting PropertiesChanged #33 (20 bytes: a8, b2, ca, e8...) notifySubscribed=true loopbacksSeen=32
21:30:28.367 INFO  [DBus-Signal-Receiver-1] BluezGattServer - PropertiesChanged LOOPBACK #33 path=/io/gravel/gatt/service0/char0 confirmed — signal reached D-Bus system bus (sent=33)
21:30:28.367 DEBUG [DefaultDispatcher-worker-7] BluezGattServer - sendData: sendMessage() returned without exception for #33
21:30:28.368 DEBUG [DefaultDispatcher-worker-7] BluezGattServer - sendData: emitting PropertiesChanged #34 (20 bytes: b0, 95, ef, 69...) notifySubscribed=true loopbacksSeen=34
21:30:28.368 INFO  [DBus-Signal-Receiver-1] BluezGattServer - PropertiesChanged LOOPBACK #34 path=/io/gravel/gatt/service0/char0 confirmed — signal reached D-Bus system bus (sent=33)
21:30:28.369 DEBUG [DefaultDispatcher-worker-7] BluezGattServer - sendData: sendMessage() returned without exception for #34
21:30:28.374 DEBUG [DefaultDispatcher-worker-7] BluezGattServer - sendData: emitting PropertiesChanged #35 (20 bytes: b8, 46, 0d, a2...) notifySubscribed=true loopbacksSeen=34
21:30:28.374 INFO  [DBus-Signal-Receiver-1] BluezGattServer - PropertiesChanged LOOPBACK #35 path=/io/gravel/gatt/service0/char0 confirmed — signal reached D-Bus system bus (sent=35)
21:30:28.374 DEBUG [DefaultDispatcher-worker-7] BluezGattServer - sendData: sendMessage() returned without exception for #35
21:30:28.374 INFO  [DBus-Signal-Receiver-1] BluezGattServer - PropertiesChanged LOOPBACK #36 path=/io/gravel/gatt/service0/char0 confirmed — signal reached D-Bus system bus (sent=35)
21:30:28.375 INFO  [DBus-Signal-Receiver-1] BluezGattServer - PropertiesChanged LOOPBACK #37 path=/io/gravel/gatt/service0/char0 confirmed — signal reached D-Bus system bus (sent=35)
21:30:28.375 DEBUG [DefaultDispatcher-worker-7] BluezGattServer - sendData: emitting PropertiesChanged #36 (20 bytes: c0, e2, 8f, 12...) notifySubscribed=true loopbacksSeen=37
21:30:28.375 INFO  [DBus-Signal-Receiver-1] BluezGattServer - PropertiesChanged LOOPBACK #38 path=/io/gravel/gatt/service0/char0 confirmed — signal reached D-Bus system bus (sent=36)
21:30:28.375 DEBUG [DefaultDispatcher-worker-7] BluezGattServer - sendData: sendMessage() returned without exception for #36
21:30:28.376 DEBUG [DefaultDispatcher-worker-7] BluezGattServer - sendData: emitting PropertiesChanged #37 (20 bytes: c8, fc, 18, d4...) notifySubscribed=true loopbacksSeen=38
21:30:28.376 INFO  [DBus-Signal-Receiver-1] BluezGattServer - PropertiesChanged LOOPBACK #39 path=/io/gravel/gatt/service0/char0 confirmed — signal reached D-Bus system bus (sent=37)
21:30:28.376 DEBUG [DefaultDispatcher-worker-7] BluezGattServer - sendData: sendMessage() returned without exception for #37
21:30:28.377 DEBUG [DefaultDispatcher-worker-7] BluezGattServer - sendData: emitting PropertiesChanged #38 (20 bytes: d0, 55, 42, 6c...) notifySubscribed=true loopbacksSeen=39
21:30:28.377 INFO  [DBus-Signal-Receiver-1] BluezGattServer - PropertiesChanged LOOPBACK #40 path=/io/gravel/gatt/service0/char0 confirmed — signal reached D-Bus system bus (sent=38)
21:30:28.377 DEBUG [DefaultDispatcher-worker-7] BluezGattServer - sendData: sendMessage() returned without exception for #38
21:30:28.378 DEBUG [DefaultDispatcher-worker-7] BluezGattServer - sendData: emitting PropertiesChanged #39 (20 bytes: d8, 86, 86, 31...) notifySubscribed=true loopbacksSeen=40
21:30:28.378 DEBUG [DefaultDispatcher-worker-7] BluezGattServer - sendData: sendMessage() returned without exception for #39
21:30:28.378 INFO  [DBus-Signal-Receiver-1] BluezGattServer - PropertiesChanged LOOPBACK #41 path=/io/gravel/gatt/service0/char0 confirmed — signal reached D-Bus system bus (sent=39)
21:30:28.379 DEBUG [DefaultDispatcher-worker-7] BluezGattServer - sendData: emitting PropertiesChanged #40 (12 bytes: e0, cb, 45, 61...) notifySubscribed=true loopbacksSeen=41
21:30:28.379 INFO  [DBus-Signal-Receiver-1] BluezGattServer - PropertiesChanged LOOPBACK #42 path=/io/gravel/gatt/service0/char0 confirmed — signal reached D-Bus system bus (sent=40)
21:30:28.379 DEBUG [DefaultDispatcher-worker-7] BluezGattServer - sendData: sendMessage() returned without exception for #40
21:30:28.381 INFO  [DBus-Signal-Receiver-1] BluezGattServer - PropertiesChanged LOOPBACK #43 path=/io/gravel/gatt/service0/char0 confirmed — signal reached D-Bus system bus (sent=40)
21:30:28.415 DEBUG [DBus-MethodCall-Receiver-1] BluezGattServer - WriteValue: 34 bytes
21:30:28.415 DEBUG [DBus-MethodCall-Receiver-2] BluezGattServer - WriteValue: 8 bytes
21:30:28.416 DEBUG [DefaultDispatcher-worker-5] BluezGattServer - sendData: emitting PropertiesChanged #41 (1 bytes: 31...) notifySubscribed=true loopbacksSeen=43
21:30:28.416 DEBUG [DefaultDispatcher-worker-5] BluezGattServer - sendData: sendMessage() returned without exception for #41
21:30:28.417 DEBUG [DefaultDispatcher-worker-5] BluezGattServer - sendData: emitting PropertiesChanged #42 (1 bytes: 39...) notifySubscribed=true loopbacksSeen=43
21:30:28.418 DEBUG [DBus-MethodCall-Receiver-3] BluezGattServer - WriteValue: 34 bytes
21:30:28.418 DEBUG [DefaultDispatcher-worker-5] BluezGattServer - sendData: sendMessage() returned without exception for #42
21:30:28.418 DEBUG [DBus-MethodCall-Receiver-4] BluezGattServer - WriteValue: 34 bytes
21:30:28.419 DEBUG [DefaultDispatcher-worker-5] BluezGattServer - sendData: emitting PropertiesChanged #43 (1 bytes: 41...) notifySubscribed=true loopbacksSeen=43
21:30:28.420 INFO  [DBus-Signal-Receiver-1] BluezGattServer - PropertiesChanged LOOPBACK #44 path=/io/gravel/gatt/service0/char0 confirmed — signal reached D-Bus system bus (sent=43)
21:30:28.420 DEBUG [DefaultDispatcher-worker-5] BluezGattServer - sendData: sendMessage() returned without exception for #43
21:30:28.420 INFO  [DBus-Signal-Receiver-1] BluezGattServer - PropertiesChanged LOOPBACK #45 path=/io/gravel/gatt/service0/char0 confirmed — signal reached D-Bus system bus (sent=43)
21:30:28.421 DEBUG [DefaultDispatcher-worker-5] BluezGattServer - sendData: emitting PropertiesChanged #44 (9 bytes: e8, 00, 04, b1...) notifySubscribed=true loopbacksSeen=45
21:30:28.421 DEBUG [DefaultDispatcher-worker-5] BluezGattServer - sendData: sendMessage() returned without exception for #44
21:30:28.421 INFO  [DBus-Signal-Receiver-1] BluezGattServer - PropertiesChanged LOOPBACK #46 path=/io/gravel/gatt/service0/char0 confirmed — signal reached D-Bus system bus (sent=44)
21:30:28.423 DEBUG [DefaultDispatcher-worker-5] BluezGattServer - sendData: emitting PropertiesChanged #45 (7 bytes: f0, 00, 02, 1a...) notifySubscribed=true loopbacksSeen=46
21:30:28.424 DEBUG [DefaultDispatcher-worker-5] BluezGattServer - sendData: sendMessage() returned without exception for #45
21:30:28.424 INFO  [DBus-Signal-Receiver-1] BluezGattServer - PropertiesChanged LOOPBACK #47 path=/io/gravel/gatt/service0/char0 confirmed — signal reached D-Bus system bus (sent=45)
21:30:28.425 INFO  [DBus-Signal-Receiver-1] BluezGattServer - PropertiesChanged LOOPBACK #48 path=/io/gravel/gatt/service0/char0 confirmed — signal reached D-Bus system bus (sent=46)
21:30:28.425 DEBUG [DefaultDispatcher-worker-5] BluezGattServer - sendData: emitting PropertiesChanged #46 (7 bytes: f8, 00, 02, 1a...) notifySubscribed=true loopbacksSeen=48
21:30:28.426 DEBUG [DefaultDispatcher-worker-5] BluezGattServer - sendData: sendMessage() returned without exception for #46
21:30:28.427 INFO  [DBus-Signal-Receiver-1] BluezGattServer - PropertiesChanged LOOPBACK #49 path=/io/gravel/gatt/service0/char0 confirmed — signal reached D-Bus system bus (sent=46)
21:30:28.427 DEBUG [DefaultDispatcher-worker-5] BluezGattServer - sendData: emitting PropertiesChanged #47 (1 bytes: 49...) notifySubscribed=true loopbacksSeen=49
21:30:28.427 DEBUG [DefaultDispatcher-worker-5] BluezGattServer - sendData: sendMessage() returned without exception for #47
21:30:28.428 INFO  [DBus-Signal-Receiver-1] BluezGattServer - PropertiesChanged LOOPBACK #50 path=/io/gravel/gatt/service0/char0 confirmed — signal reached D-Bus system bus (sent=47)
21:30:28.451 DEBUG [DBus-MethodCall-Receiver-2] BluezGattServer - WriteValue: 1 bytes
21:30:28.451 DEBUG [DefaultDispatcher-worker-5] BluezGattServer - sendData: emitting PropertiesChanged #48 (7 bytes: 00, 00, 02, 1a...) notifySubscribed=true loopbacksSeen=50
21:30:28.452 DEBUG [DefaultDispatcher-worker-5] BluezGattServer - sendData: sendMessage() returned without exception for #48
21:30:28.453 INFO  [DBus-Signal-Receiver-1] BluezGattServer - PropertiesChanged LOOPBACK #51 path=/io/gravel/gatt/service0/char0 confirmed — signal reached D-Bus system bus (sent=48)
21:30:28.526 DEBUG [DBus-MethodCall-Receiver-1] BluezGattServer - WriteValue: 1 bytes
21:30:28.676 DEBUG [DBus-MethodCall-Receiver-3] BluezGattServer - WriteValue: 242 bytes
21:30:28.677 DEBUG [DefaultDispatcher-worker-5] BluezGattServer - sendData: emitting PropertiesChanged #49 (1 bytes: 51...) notifySubscribed=true loopbacksSeen=51
21:30:28.678 DEBUG [DefaultDispatcher-worker-5] BluezGattServer - sendData: sendMessage() returned without exception for #49
21:30:28.679 DEBUG [DefaultDispatcher-worker-5] BluezGattServer - sendData: emitting PropertiesChanged #50 (7 bytes: 08, 00, 02, 1a...) notifySubscribed=true loopbacksSeen=51
21:30:28.679 DEBUG [DefaultDispatcher-worker-5] BluezGattServer - sendData: sendMessage() returned without exception for #50
21:30:28.681 INFO  [DBus-Signal-Receiver-1] BluezGattServer - PropertiesChanged LOOPBACK #52 path=/io/gravel/gatt/service0/char0 confirmed — signal reached D-Bus system bus (sent=50)
21:30:28.681 DEBUG [DBus-MethodCall-Receiver-4] BluezGattServer - WriteValue: 1 bytes
21:30:28.682 DEBUG [DefaultDispatcher-worker-5] BluezGattServer - sendData: emitting PropertiesChanged #51 (7 bytes: 10, 00, 02, 1a...) notifySubscribed=true loopbacksSeen=52
21:30:28.682 DEBUG [DefaultDispatcher-worker-5] BluezGattServer - sendData: sendMessage() returned without exception for #51
21:30:28.683 INFO  [DBus-Signal-Receiver-1] BluezGattServer - PropertiesChanged LOOPBACK #53 path=/io/gravel/gatt/service0/char0 confirmed — signal reached D-Bus system bus (sent=51)
21:30:28.683 DEBUG [DefaultDispatcher-worker-5] BluezGattServer - sendData: emitting PropertiesChanged #52 (7 bytes: 18, 00, 02, 1a...) notifySubscribed=true loopbacksSeen=53
21:30:28.684 DEBUG [DefaultDispatcher-worker-5] BluezGattServer - sendData: sendMessage() returned without exception for #52
21:30:28.685 DEBUG [DefaultDispatcher-worker-5] BluezGattServer - sendData: emitting PropertiesChanged #53 (7 bytes: 20, 00, 02, 1a...) notifySubscribed=true loopbacksSeen=53
21:30:28.685 INFO  [DBus-Signal-Receiver-1] BluezGattServer - PropertiesChanged LOOPBACK #54 path=/io/gravel/gatt/service0/char0 confirmed — signal reached D-Bus system bus (sent=53)
21:30:28.686 DEBUG [DefaultDispatcher-worker-5] BluezGattServer - sendData: sendMessage() returned without exception for #53
21:30:28.686 INFO  [DBus-Signal-Receiver-1] BluezGattServer - PropertiesChanged LOOPBACK #55 path=/io/gravel/gatt/service0/char0 confirmed — signal reached D-Bus system bus (sent=53)
21:30:28.687 DEBUG [DefaultDispatcher-worker-5] BluezGattServer - sendData: emitting PropertiesChanged #54 (7 bytes: 28, 00, 02, 1a...) notifySubscribed=true loopbacksSeen=55
21:30:28.687 DEBUG [DefaultDispatcher-worker-5] BluezGattServer - sendData: sendMessage() returned without exception for #54
21:30:28.687 INFO  [DBus-Signal-Receiver-1] BluezGattServer - PropertiesChanged LOOPBACK #56 path=/io/gravel/gatt/service0/char0 confirmed — signal reached D-Bus system bus (sent=54)
21:30:28.688 DEBUG [DefaultDispatcher-worker-5] BluezGattServer - sendData: emitting PropertiesChanged #55 (7 bytes: 30, 00, 02, 1a...) notifySubscribed=true loopbacksSeen=56
21:30:28.689 DEBUG [DefaultDispatcher-worker-5] BluezGattServer - sendData: sendMessage() returned without exception for #55
21:30:28.689 INFO  [DBus-Signal-Receiver-1] BluezGattServer - PropertiesChanged LOOPBACK #57 path=/io/gravel/gatt/service0/char0 confirmed — signal reached D-Bus system bus (sent=55)
21:30:28.690 DEBUG [DefaultDispatcher-worker-5] BluezGattServer - sendData: emitting PropertiesChanged #56 (7 bytes: 38, 00, 02, 1a...) notifySubscribed=true loopbacksSeen=57
21:30:28.691 DEBUG [DefaultDispatcher-worker-5] BluezGattServer - sendData: sendMessage() returned without exception for #56
21:30:28.691 INFO  [DBus-Signal-Receiver-1] BluezGattServer - PropertiesChanged LOOPBACK #58 path=/io/gravel/gatt/service0/char0 confirmed — signal reached D-Bus system bus (sent=56)
21:30:28.692 INFO  [DBus-Signal-Receiver-1] BluezGattServer - PropertiesChanged LOOPBACK #59 path=/io/gravel/gatt/service0/char0 confirmed — signal reached D-Bus system bus (sent=56)
21:30:28.714 DEBUG [DBus-MethodCall-Receiver-2] BluezGattServer - WriteValue: 8 bytes
21:30:28.715 DEBUG [DefaultDispatcher-worker-5] BluezGattServer - sendData: emitting PropertiesChanged #57 (1 bytes: 59...) notifySubscribed=true loopbacksSeen=59
21:30:28.715 DEBUG [DefaultDispatcher-worker-5] BluezGattServer - sendData: sendMessage() returned without exception for #57
21:30:28.716 DEBUG [DefaultDispatcher-worker-5] BluezGattServer - sendData: emitting PropertiesChanged #58 (9 bytes: 40, 00, 04, b1...) notifySubscribed=true loopbacksSeen=59
21:30:28.717 DEBUG [DefaultDispatcher-worker-5] BluezGattServer - sendData: sendMessage() returned without exception for #58
21:30:28.718 INFO  [DBus-Signal-Receiver-1] BluezGattServer - PropertiesChanged LOOPBACK #60 path=/io/gravel/gatt/service0/char0 confirmed — signal reached D-Bus system bus (sent=58)
21:30:28.719 INFO  [DBus-Signal-Receiver-1] BluezGattServer - PropertiesChanged LOOPBACK #61 path=/io/gravel/gatt/service0/char0 confirmed — signal reached D-Bus system bus (sent=58)
21:30:28.791 DEBUG [DBus-MethodCall-Receiver-1] BluezGattServer - WriteValue: 1 bytes
21:30:28.863 DEBUG [DBus-MethodCall-Receiver-3] BluezGattServer - WriteValue: 8 bytes
21:30:28.864 DEBUG [DefaultDispatcher-worker-8] BluezGattServer - sendData: emitting PropertiesChanged #59 (1 bytes: 61...) notifySubscribed=true loopbacksSeen=61
21:30:28.864 DEBUG [DefaultDispatcher-worker-8] BluezGattServer - sendData: sendMessage() returned without exception for #59
21:30:28.866 INFO  [DBus-Signal-Receiver-1] BluezGattServer - PropertiesChanged LOOPBACK #62 path=/io/gravel/gatt/service0/char0 confirmed — signal reached D-Bus system bus (sent=59)
21:30:28.866 DEBUG [DefaultDispatcher-worker-6] BluezGattServer - sendData: emitting PropertiesChanged #60 (9 bytes: 48, 00, 04, b1...) notifySubscribed=true loopbacksSeen=62
21:30:28.866 DEBUG [DefaultDispatcher-worker-6] BluezGattServer - sendData: sendMessage() returned without exception for #60
21:30:28.868 INFO  [DBus-Signal-Receiver-1] BluezGattServer - PropertiesChanged LOOPBACK #63 path=/io/gravel/gatt/service0/char0 confirmed — signal reached D-Bus system bus (sent=60)
21:30:28.939 DEBUG [DBus-MethodCall-Receiver-4] BluezGattServer - WriteValue: 8 bytes
21:30:28.940 DEBUG [DefaultDispatcher-worker-17] BluezGattServer - sendData: emitting PropertiesChanged #61 (1 bytes: 69...) notifySubscribed=true loopbacksSeen=63
21:30:28.940 DEBUG [DefaultDispatcher-worker-17] BluezGattServer - sendData: sendMessage() returned without exception for #61
21:30:28.941 DEBUG [DefaultDispatcher-worker-12] BluezGattServer - sendData: emitting PropertiesChanged #62 (9 bytes: 50, 00, 04, b1...) notifySubscribed=true loopbacksSeen=63
21:30:28.942 DEBUG [DefaultDispatcher-worker-12] BluezGattServer - sendData: sendMessage() returned without exception for #62
21:30:28.942 INFO  [DBus-Signal-Receiver-1] BluezGattServer - PropertiesChanged LOOPBACK #64 path=/io/gravel/gatt/service0/char0 confirmed — signal reached D-Bus system bus (sent=62)
21:30:28.943 INFO  [DBus-Signal-Receiver-1] BluezGattServer - PropertiesChanged LOOPBACK #65 path=/io/gravel/gatt/service0/char0 confirmed — signal reached D-Bus system bus (sent=62)
21:30:29.014 DEBUG [DBus-MethodCall-Receiver-1] BluezGattServer - WriteValue: 8 bytes
21:30:29.014 DEBUG [DBus-MethodCall-Receiver-2] BluezGattServer - WriteValue: 1 bytes
21:30:29.014 DEBUG [DefaultDispatcher-worker-2] BluezGattServer - sendData: emitting PropertiesChanged #63 (1 bytes: 71...) notifySubscribed=true loopbacksSeen=65
21:30:29.015 DEBUG [DefaultDispatcher-worker-2] BluezGattServer - sendData: sendMessage() returned without exception for #63
21:30:29.015 DEBUG [DefaultDispatcher-worker-2] BluezGattServer - sendData: emitting PropertiesChanged #64 (9 bytes: 58, 00, 04, b1...) notifySubscribed=true loopbacksSeen=65
21:30:29.016 DEBUG [DefaultDispatcher-worker-2] BluezGattServer - sendData: sendMessage() returned without exception for #64
21:30:29.017 INFO  [DBus-Signal-Receiver-1] BluezGattServer - PropertiesChanged LOOPBACK #66 path=/io/gravel/gatt/service0/char0 confirmed — signal reached D-Bus system bus (sent=64)
21:30:29.018 INFO  [DBus-Signal-Receiver-1] BluezGattServer - PropertiesChanged LOOPBACK #67 path=/io/gravel/gatt/service0/char0 confirmed — signal reached D-Bus system bus (sent=64)
21:30:29.126 DEBUG [DBus-MethodCall-Receiver-3] BluezGattServer - WriteValue: 8 bytes
21:30:29.127 DEBUG [DefaultDispatcher-worker-17] BluezGattServer - sendData: emitting PropertiesChanged #65 (1 bytes: 79...) notifySubscribed=true loopbacksSeen=67
21:30:29.127 DEBUG [DefaultDispatcher-worker-17] BluezGattServer - sendData: sendMessage() returned without exception for #65
21:30:29.128 DEBUG [DefaultDispatcher-worker-1] BluezGattServer - sendData: emitting PropertiesChanged #66 (9 bytes: 60, 00, 04, b1...) notifySubscribed=true loopbacksSeen=67
21:30:29.128 DEBUG [DefaultDispatcher-worker-1] BluezGattServer - sendData: sendMessage() returned without exception for #66
21:30:29.129 INFO  [DBus-Signal-Receiver-1] BluezGattServer - PropertiesChanged LOOPBACK #68 path=/io/gravel/gatt/service0/char0 confirmed — signal reached D-Bus system bus (sent=66)
21:30:29.130 INFO  [DBus-Signal-Receiver-1] BluezGattServer - PropertiesChanged LOOPBACK #69 path=/io/gravel/gatt/service0/char0 confirmed — signal reached D-Bus system bus (sent=66)
21:30:29.202 DEBUG [DBus-MethodCall-Receiver-4] BluezGattServer - WriteValue: 8 bytes
21:30:29.202 DEBUG [DBus-MethodCall-Receiver-2] BluezGattServer - WriteValue: 1 bytes
21:30:29.203 DEBUG [DefaultDispatcher-worker-1] BluezGattServer - sendData: emitting PropertiesChanged #67 (1 bytes: 81...) notifySubscribed=true loopbacksSeen=69
21:30:29.203 DEBUG [DefaultDispatcher-worker-1] BluezGattServer - sendData: sendMessage() returned without exception for #67
21:30:29.204 DEBUG [DefaultDispatcher-worker-3] BluezGattServer - sendData: emitting PropertiesChanged #68 (9 bytes: 68, 00, 04, b1...) notifySubscribed=true loopbacksSeen=69
21:30:29.205 DEBUG [DefaultDispatcher-worker-3] BluezGattServer - sendData: sendMessage() returned without exception for #68
21:30:29.205 INFO  [DBus-Signal-Receiver-1] BluezGattServer - PropertiesChanged LOOPBACK #70 path=/io/gravel/gatt/service0/char0 confirmed — signal reached D-Bus system bus (sent=68)
21:30:29.206 INFO  [DBus-Signal-Receiver-1] BluezGattServer - PropertiesChanged LOOPBACK #71 path=/io/gravel/gatt/service0/char0 confirmed — signal reached D-Bus system bus (sent=68)
21:30:29.276 DEBUG [DBus-MethodCall-Receiver-1] BluezGattServer - WriteValue: 8 bytes
21:30:29.276 DEBUG [DefaultDispatcher-worker-16] BluezGattServer - sendData: emitting PropertiesChanged #69 (1 bytes: 89...) notifySubscribed=true loopbacksSeen=71
21:30:29.276 DEBUG [DefaultDispatcher-worker-16] BluezGattServer - sendData: sendMessage() returned without exception for #69
21:30:29.277 DEBUG [DefaultDispatcher-worker-17] BluezGattServer - sendData: emitting PropertiesChanged #70 (9 bytes: 70, 00, 04, b1...) notifySubscribed=true loopbacksSeen=71
21:30:29.277 DEBUG [DefaultDispatcher-worker-17] BluezGattServer - sendData: sendMessage() returned without exception for #70
21:30:29.278 INFO  [DBus-Signal-Receiver-1] BluezGattServer - PropertiesChanged LOOPBACK #72 path=/io/gravel/gatt/service0/char0 confirmed — signal reached D-Bus system bus (sent=70)
21:30:29.279 INFO  [DBus-Signal-Receiver-1] BluezGattServer - PropertiesChanged LOOPBACK #73 path=/io/gravel/gatt/service0/char0 confirmed — signal reached D-Bus system bus (sent=70)
21:30:29.341 DEBUG [DefaultDispatcher-worker-8] BluezGattServer - sendData: emitting PropertiesChanged #71 (17 bytes: 78, 00, 0c, 00...) notifySubscribed=true loopbacksSeen=73
21:30:29.341 DEBUG [DefaultDispatcher-worker-8] BluezGattServer - sendData: sendMessage() returned without exception for #71
21:30:29.342 INFO  [DBus-Signal-Receiver-1] BluezGattServer - PropertiesChanged LOOPBACK #74 path=/io/gravel/gatt/service0/char0 confirmed — signal reached D-Bus system bus (sent=71)
21:30:29.351 DEBUG [DBus-MethodCall-Receiver-3] BluezGattServer - WriteValue: 8 bytes
21:30:29.352 DEBUG [DefaultDispatcher-worker-3] BluezGattServer - sendData: emitting PropertiesChanged #72 (1 bytes: 91...) notifySubscribed=true loopbacksSeen=74
21:30:29.352 DEBUG [DefaultDispatcher-worker-3] BluezGattServer - sendData: sendMessage() returned without exception for #72
21:30:29.353 INFO  [DBus-Signal-Receiver-1] BluezGattServer - PropertiesChanged LOOPBACK #75 path=/io/gravel/gatt/service0/char0 confirmed — signal reached D-Bus system bus (sent=72)
21:30:29.354 DEBUG [DefaultDispatcher-worker-1] BluezGattServer - sendData: emitting PropertiesChanged #73 (9 bytes: 80, 00, 04, b1...) notifySubscribed=true loopbacksSeen=75
21:30:29.355 DEBUG [DefaultDispatcher-worker-1] BluezGattServer - sendData: sendMessage() returned without exception for #73
21:30:29.356 INFO  [DBus-Signal-Receiver-1] BluezGattServer - PropertiesChanged LOOPBACK #76 path=/io/gravel/gatt/service0/char0 confirmed — signal reached D-Bus system bus (sent=73)
21:30:29.427 DEBUG [DBus-MethodCall-Receiver-4] BluezGattServer - WriteValue: 8 bytes
21:30:29.427 DEBUG [DBus-MethodCall-Receiver-2] BluezGattServer - WriteValue: 1 bytes
21:30:29.427 DEBUG [DefaultDispatcher-worker-3] BluezGattServer - sendData: emitting PropertiesChanged #74 (1 bytes: 99...) notifySubscribed=true loopbacksSeen=76
21:30:29.428 DEBUG [DefaultDispatcher-worker-3] BluezGattServer - sendData: sendMessage() returned without exception for #74
21:30:29.429 DEBUG [DefaultDispatcher-worker-11] BluezGattServer - sendData: emitting PropertiesChanged #75 (9 bytes: 88, 00, 04, b1...) notifySubscribed=true loopbacksSeen=76
21:30:29.430 DEBUG [DefaultDispatcher-worker-11] BluezGattServer - sendData: sendMessage() returned without exception for #75
21:30:29.430 INFO  [DBus-Signal-Receiver-1] BluezGattServer - PropertiesChanged LOOPBACK #77 path=/io/gravel/gatt/service0/char0 confirmed — signal reached D-Bus system bus (sent=75)
21:30:29.431 INFO  [DBus-Signal-Receiver-1] BluezGattServer - PropertiesChanged LOOPBACK #78 path=/io/gravel/gatt/service0/char0 confirmed — signal reached D-Bus system bus (sent=75)
21:30:29.501 DEBUG [DBus-MethodCall-Receiver-1] BluezGattServer - WriteValue: 8 bytes
21:30:29.501 DEBUG [DefaultDispatcher-worker-11] BluezGattServer - sendData: emitting PropertiesChanged #76 (1 bytes: a1...) notifySubscribed=true loopbacksSeen=78
21:30:29.501 DEBUG [DefaultDispatcher-worker-11] BluezGattServer - sendData: sendMessage() returned without exception for #76
21:30:29.502 INFO  [DBus-Signal-Receiver-1] BluezGattServer - PropertiesChanged LOOPBACK #79 path=/io/gravel/gatt/service0/char0 confirmed — signal reached D-Bus system bus (sent=76)
21:30:29.503 DEBUG [DefaultDispatcher-worker-1] BluezGattServer - sendData: emitting PropertiesChanged #77 (9 bytes: 90, 00, 04, b1...) notifySubscribed=true loopbacksSeen=79
21:30:29.503 DEBUG [DefaultDispatcher-worker-1] BluezGattServer - sendData: sendMessage() returned without exception for #77
21:30:29.504 INFO  [DBus-Signal-Receiver-1] BluezGattServer - PropertiesChanged LOOPBACK #80 path=/io/gravel/gatt/service0/char0 confirmed — signal reached D-Bus system bus (sent=77)
21:30:29.576 DEBUG [DBus-MethodCall-Receiver-3] BluezGattServer - WriteValue: 8 bytes
21:30:29.577 DEBUG [DefaultDispatcher-worker-13] BluezGattServer - sendData: emitting PropertiesChanged #78 (1 bytes: a9...) notifySubscribed=true loopbacksSeen=80
21:30:29.577 DEBUG [DefaultDispatcher-worker-13] BluezGattServer - sendData: sendMessage() returned without exception for #78
21:30:29.579 DEBUG [DefaultDispatcher-worker-5] BluezGattServer - sendData: emitting PropertiesChanged #79 (9 bytes: 98, 00, 04, b1...) notifySubscribed=true loopbacksSeen=80
21:30:29.579 DEBUG [DefaultDispatcher-worker-5] BluezGattServer - sendData: sendMessage() returned without exception for #79
21:30:29.580 INFO  [DBus-Signal-Receiver-1] BluezGattServer - PropertiesChanged LOOPBACK #81 path=/io/gravel/gatt/service0/char0 confirmed — signal reached D-Bus system bus (sent=79)
21:30:29.580 INFO  [DBus-Signal-Receiver-1] BluezGattServer - PropertiesChanged LOOPBACK #82 path=/io/gravel/gatt/service0/char0 confirmed — signal reached D-Bus system bus (sent=79)
21:30:29.688 DEBUG [DBus-MethodCall-Receiver-2] BluezGattServer - WriteValue: 1 bytes
21:30:29.688 DEBUG [DBus-MethodCall-Receiver-4] BluezGattServer - WriteValue: 8 bytes
21:30:29.689 DEBUG [DefaultDispatcher-worker-5] BluezGattServer - sendData: emitting PropertiesChanged #80 (1 bytes: b1...) notifySubscribed=true loopbacksSeen=82
21:30:29.689 DEBUG [DefaultDispatcher-worker-5] BluezGattServer - sendData: sendMessage() returned without exception for #80
21:30:29.690 INFO  [DBus-Signal-Receiver-1] BluezGattServer - PropertiesChanged LOOPBACK #83 path=/io/gravel/gatt/service0/char0 confirmed — signal reached D-Bus system bus (sent=80)
21:30:31.517 DEBUG [DBus-MethodCall-Receiver-3] d.y.s.dbus.DbusNotificationMonitor - Notify: app=notify-send summary=App Name
21:30:31.518 DEBUG [DefaultDispatcher-worker-16] de.yoxcu.stoandl.Main - Forwarding notification to watch: notify-send – App Name
21:30:31.519 INFO  [DefaultDispatcher-worker-7] d.y.s.p.DbusNotificationListenerConnection - Sent notification to watch: App Name
21:30:31.535 DEBUG [DefaultDispatcher-worker-3] BluezGattServer - sendData: emitting PropertiesChanged #81 (20 bytes: a0, 00, 79, b1...) notifySubscribed=true loopbacksSeen=83
21:30:31.536 DEBUG [DefaultDispatcher-worker-3] BluezGattServer - sendData: sendMessage() returned without exception for #81
21:30:31.536 DEBUG [DefaultDispatcher-worker-3] BluezGattServer - sendData: emitting PropertiesChanged #82 (20 bytes: a8, b3, dc, 80...) notifySubscribed=true loopbacksSeen=83
21:30:31.536 DEBUG [DefaultDispatcher-worker-3] BluezGattServer - sendData: sendMessage() returned without exception for #82
21:30:31.537 INFO  [DBus-Signal-Receiver-1] BluezGattServer - PropertiesChanged LOOPBACK #84 path=/io/gravel/gatt/service0/char0 confirmed — signal reached D-Bus system bus (sent=82)
21:30:31.537 DEBUG [DefaultDispatcher-worker-3] BluezGattServer - sendData: emitting PropertiesChanged #83 (20 bytes: b0, dc, 80, 46...) notifySubscribed=true loopbacksSeen=84
21:30:31.537 DEBUG [DefaultDispatcher-worker-3] BluezGattServer - sendData: sendMessage() returned without exception for #83
21:30:31.537 INFO  [DBus-Signal-Receiver-1] BluezGattServer - PropertiesChanged LOOPBACK #85 path=/io/gravel/gatt/service0/char0 confirmed — signal reached D-Bus system bus (sent=83)
21:30:31.538 DEBUG [DefaultDispatcher-worker-3] BluezGattServer - sendData: emitting PropertiesChanged #84 (20 bytes: b8, e0, f3, 57...) notifySubscribed=true loopbacksSeen=85
21:30:31.538 DEBUG [DefaultDispatcher-worker-3] BluezGattServer - sendData: sendMessage() returned without exception for #84
21:30:31.538 INFO  [DBus-Signal-Receiver-1] BluezGattServer - PropertiesChanged LOOPBACK #86 path=/io/gravel/gatt/service0/char0 confirmed — signal reached D-Bus system bus (sent=84)
21:30:31.539 DEBUG [DefaultDispatcher-worker-3] BluezGattServer - sendData: emitting PropertiesChanged #85 (20 bytes: c0, 41, 70, 70...) notifySubscribed=true loopbacksSeen=86
21:30:31.539 DEBUG [DefaultDispatcher-worker-3] BluezGattServer - sendData: sendMessage() returned without exception for #85
21:30:31.540 DEBUG [DefaultDispatcher-worker-3] BluezGattServer - sendData: emitting PropertiesChanged #86 (20 bytes: c8, 74, 69, 6f...) notifySubscribed=true loopbacksSeen=86
21:30:31.541 DEBUG [DefaultDispatcher-worker-3] BluezGattServer - sendData: sendMessage() returned without exception for #86
21:30:31.541 INFO  [DBus-Signal-Receiver-1] BluezGattServer - PropertiesChanged LOOPBACK #87 path=/io/gravel/gatt/service0/char0 confirmed — signal reached D-Bus system bus (sent=86)
21:30:31.541 INFO  [DBus-Signal-Receiver-1] BluezGattServer - PropertiesChanged LOOPBACK #88 path=/io/gravel/gatt/service0/char0 confirmed — signal reached D-Bus system bus (sent=86)
21:30:31.541 DEBUG [DefaultDispatcher-worker-3] BluezGattServer - sendData: emitting PropertiesChanged #87 (12 bytes: d0, 73, 65, 6e...) notifySubscribed=true loopbacksSeen=88
21:30:31.542 DEBUG [DefaultDispatcher-worker-3] BluezGattServer - sendData: sendMessage() returned without exception for #87
21:30:31.542 INFO  [DBus-Signal-Receiver-1] BluezGattServer - PropertiesChanged LOOPBACK #89 path=/io/gravel/gatt/service0/char0 confirmed — signal reached D-Bus system bus (sent=87)
21:30:31.543 INFO  [DBus-Signal-Receiver-1] BluezGattServer - PropertiesChanged LOOPBACK #90 path=/io/gravel/gatt/service0/char0 confirmed — signal reached D-Bus system bus (sent=87)
21:30:31.676 DEBUG [DBus-MethodCall-Receiver-1] BluezGattServer - WriteValue: 8 bytes
21:30:31.676 DEBUG [DefaultDispatcher-worker-4] BluezGattServer - sendData: emitting PropertiesChanged #88 (1 bytes: b9...) notifySubscribed=true loopbacksSeen=90
21:30:31.676 DEBUG [DefaultDispatcher-worker-4] BluezGattServer - sendData: sendMessage() returned without exception for #88
21:30:31.677 INFO  [DBus-Signal-Receiver-1] BluezGattServer - PropertiesChanged LOOPBACK #91 path=/io/gravel/gatt/service0/char0 confirmed — signal reached D-Bus system bus (sent=88)
21:30:31.789 DEBUG [DBus-MethodCall-Receiver-3] BluezGattServer - WriteValue: 1 bytes
21:30:33.943 DEBUG [DefaultDispatcher-worker-9] d.y.stoandl.pebble.PebbleIntegration - Starting BLE scan
21:31:08.944 DEBUG [DefaultDispatcher-worker-18] d.y.stoandl.pebble.PebbleIntegration - Starting BLE scan
21:31:11.938 DEBUG [DBus-MethodCall-Receiver-2] d.y.s.dbus.DbusNotificationMonitor - Notify: app=notify-send summary=App Name
21:31:11.938 DEBUG [DefaultDispatcher-worker-7] de.yoxcu.stoandl.Main - Forwarding notification to watch: notify-send – App Name
21:31:11.940 INFO  [DefaultDispatcher-worker-4] d.y.s.p.DbusNotificationListenerConnection - Sent notification to watch: App Name
21:31:11.942 DEBUG [DefaultDispatcher-worker-9] BluezGattServer - sendData: emitting PropertiesChanged #89 (20 bytes: d8, 00, 79, b1...) notifySubscribed=true loopbacksSeen=91
21:31:11.942 DEBUG [DefaultDispatcher-worker-9] BluezGattServer - sendData: sendMessage() returned without exception for #89
21:31:11.942 DEBUG [DefaultDispatcher-worker-9] BluezGattServer - sendData: emitting PropertiesChanged #90 (20 bytes: e0, c7, 3f, d9...) notifySubscribed=true loopbacksSeen=91
21:31:11.942 DEBUG [DefaultDispatcher-worker-9] BluezGattServer - sendData: sendMessage() returned without exception for #90
21:31:11.943 DEBUG [DefaultDispatcher-worker-9] BluezGattServer - sendData: emitting PropertiesChanged #91 (20 bytes: e8, 3f, d9, 2b...) notifySubscribed=true loopbacksSeen=91
21:31:11.943 DEBUG [DefaultDispatcher-worker-9] BluezGattServer - sendData: sendMessage() returned without exception for #91
21:31:11.943 DEBUG [DefaultDispatcher-worker-9] BluezGattServer - sendData: emitting PropertiesChanged #92 (20 bytes: f0, 3d, aa, 7f...) notifySubscribed=true loopbacksSeen=91
21:31:11.943 INFO  [DBus-Signal-Receiver-1] BluezGattServer - PropertiesChanged LOOPBACK #92 path=/io/gravel/gatt/service0/char0 confirmed — signal reached D-Bus system bus (sent=92)
21:31:11.943 DEBUG [DefaultDispatcher-worker-9] BluezGattServer - sendData: sendMessage() returned without exception for #92
21:31:11.943 INFO  [DBus-Signal-Receiver-1] BluezGattServer - PropertiesChanged LOOPBACK #93 path=/io/gravel/gatt/service0/char0 confirmed — signal reached D-Bus system bus (sent=92)
21:31:11.944 DEBUG [DefaultDispatcher-worker-9] BluezGattServer - sendData: emitting PropertiesChanged #93 (20 bytes: f8, 41, 70, 70...) notifySubscribed=true loopbacksSeen=93
21:31:11.944 DEBUG [DefaultDispatcher-worker-9] BluezGattServer - sendData: sendMessage() returned without exception for #93
21:31:11.944 INFO  [DBus-Signal-Receiver-1] BluezGattServer - PropertiesChanged LOOPBACK #94 path=/io/gravel/gatt/service0/char0 confirmed — signal reached D-Bus system bus (sent=93)
21:31:11.944 INFO  [DBus-Signal-Receiver-1] BluezGattServer - PropertiesChanged LOOPBACK #95 path=/io/gravel/gatt/service0/char0 confirmed — signal reached D-Bus system bus (sent=93)
21:31:11.945 DEBUG [DefaultDispatcher-worker-9] BluezGattServer - sendData: emitting PropertiesChanged #94 (20 bytes: 00, 74, 69, 6f...) notifySubscribed=true loopbacksSeen=95
21:31:11.945 DEBUG [DefaultDispatcher-worker-9] BluezGattServer - sendData: sendMessage() returned without exception for #94
21:31:11.945 INFO  [DBus-Signal-Receiver-1] BluezGattServer - PropertiesChanged LOOPBACK #96 path=/io/gravel/gatt/service0/char0 confirmed — signal reached D-Bus system bus (sent=94)
21:31:11.945 DEBUG [DefaultDispatcher-worker-9] BluezGattServer - sendData: emitting PropertiesChanged #95 (12 bytes: 08, 73, 65, 6e...) notifySubscribed=true loopbacksSeen=96
21:31:11.946 DEBUG [DefaultDispatcher-worker-9] BluezGattServer - sendData: sendMessage() returned without exception for #95
21:31:11.947 INFO  [DBus-Signal-Receiver-1] BluezGattServer - PropertiesChanged LOOPBACK #97 path=/io/gravel/gatt/service0/char0 confirmed — signal reached D-Bus system bus (sent=95)
21:31:11.948 INFO  [DBus-Signal-Receiver-1] BluezGattServer - PropertiesChanged LOOPBACK #98 path=/io/gravel/gatt/service0/char0 confirmed — signal reached D-Bus system bus (sent=95)
21:31:13.098 DEBUG [DBus-MethodCall-Receiver-4] BluezGattServer - WriteValue: 1 bytes
21:31:13.488 DEBUG [DBus-MethodCall-Receiver-2] BluezGattServer - WriteValue: 1 bytes
21:31:13.489 DEBUG [DBus-MethodCall-Receiver-1] BluezGattServer - WriteValue: 8 bytes
21:31:13.489 DEBUG [DefaultDispatcher-worker-9] BluezGattServer - sendData: emitting PropertiesChanged #96 (1 bytes: c1...) notifySubscribed=true loopbacksSeen=98
21:31:13.489 DEBUG [DefaultDispatcher-worker-9] BluezGattServer - sendData: sendMessage() returned without exception for #96
21:31:13.490 INFO  [DBus-Signal-Receiver-1] BluezGattServer - PropertiesChanged LOOPBACK #99 path=/io/gravel/gatt/service0/char0 confirmed — signal reached D-Bus system bus (sent=96)
21:31:43.944 DEBUG [DefaultDispatcher-worker-5] d.y.stoandl.pebble.PebbleIntegration - Starting BLE scan
21:31:44.313 INFO  [DefaultDispatcher-worker-7] KableGattConnector - Disconnection: status=null
21:31:44.319 DEBUG [DefaultDispatcher-worker-11] PPoG - close
21:31:44.319 DEBUG [DefaultDispatcher-worker-11] KableGattConnector - disconnect()...
21:31:44.322 DEBUG [DefaultDispatcher-worker-11] KableGattConnector - /disconnect()...
21:31:44.322 INFO  [DefaultDispatcher-worker-11] BluezGattServer - unregisterDevice: {"object_path":"/org/bluez/hci0/dev_4B_AD_3E_ED_50_0F"}
21:31:44.322 INFO  [DefaultDispatcher-worker-11] BluezGattServer - unregisterDevice: cleared notifySubscribed (no more devices)
21:31:44.330 DEBUG [DefaultDispatcher-worker-17] PebbleBle - connect() reversedPPoG = false
21:31:44.330 INFO  [DefaultDispatcher-worker-17] BluezGattServer - registerDevice: {"object_path":"/org/bluez/hci0/dev_4B_AD_3E_ED_50_0F"}
21:32:18.945 DEBUG [DefaultDispatcher-worker-11] d.y.stoandl.pebble.PebbleIntegration - Starting BLE scan
21:32:19.447 DEBUG [DefaultDispatcher-worker-8] PebbleBle - services = true
21:32:19.448 ERROR [DefaultDispatcher-worker-8] KableConnectedGattClient - couldn't find characteristic: 00000005-328e-0fbb-c642-1aa6699bdada
21:32:19.448 ERROR [DefaultDispatcher-worker-8]  - error subscribing to connection params
21:32:19.448 INFO  [DefaultDispatcher-worker-8] PebbleBle - error setting up connection params
21:32:19.448 DEBUG [DefaultDispatcher-worker-8] PebbleBle - done connectionParams
21:32:19.448 DEBUG [DefaultDispatcher-worker-8] PebbleBle - done mtu update
21:32:19.448 DEBUG [DefaultDispatcher-worker-8] PebbleBle - subscribed connectivity d
21:32:19.448 DEBUG [DefaultDispatcher-worker-1] PebbleBle - newMtu = 23
21:32:19.451 ERROR [DefaultDispatcher-worker-8] WatchManager - watchmanager caught exception for {"object_path":"/org/bluez/hci0/dev_4B_AD_3E_ED_50_0F"}: com.juul.kable.btleplug.ffi.Exception$Other: v1=Not connected
com.juul.kable.btleplug.ffi.Exception$Other: v1=Not connected
	at com.juul.kable.btleplug.ffi.FfiConverterTypeError.read(btleplug_ffi.kt:2983)
	at com.juul.kable.btleplug.ffi.FfiConverterTypeError.read(btleplug_ffi.kt:2956)
	at com.juul.kable.btleplug.ffi.FfiConverter.liftFromRustBuffer(btleplug_ffi.kt:168)
	at com.juul.kable.btleplug.ffi.FfiConverterTypeError.liftFromRustBuffer(btleplug_ffi.kt:2956)
	at com.juul.kable.btleplug.ffi.FfiConverterTypeError.liftFromRustBuffer(btleplug_ffi.kt:2956)
	at com.juul.kable.btleplug.ffi.FfiConverterRustBuffer.lift(btleplug_ffi.kt:185)
	at com.juul.kable.btleplug.ffi.FfiConverterTypeError.lift(btleplug_ffi.kt:2956)
	at com.juul.kable.btleplug.ffi.FfiConverterTypeError.lift(btleplug_ffi.kt:2956)
	at com.juul.kable.btleplug.ffi.Exception$ErrorHandler.lift(btleplug_ffi.kt:2947)
	at com.juul.kable.btleplug.ffi.Exception$ErrorHandler.lift(btleplug_ffi.kt:2946)
	at com.juul.kable.btleplug.ffi.Btleplug_ffiKt.uniffiCheckCallStatus(btleplug_ffi.kt:252)
	at com.juul.kable.btleplug.ffi.Btleplug_ffiKt.access$uniffiCheckCallStatus(btleplug_ffi.kt:1)
	at com.juul.kable.btleplug.ffi.Btleplug_ffiKt.uniffiRustCallAsync(btleplug_ffi.kt:3699)
	at com.juul.kable.btleplug.ffi.Btleplug_ffiKt$uniffiRustCallAsync$1.invokeSuspend(btleplug_ffi.kt)
	at kotlin.coroutines.jvm.internal.BaseContinuationImpl.resumeWith(ContinuationImpl.kt:34)
	at kotlinx.coroutines.DispatchedTask.run(DispatchedTask.kt:100)
	at kotlinx.coroutines.internal.LimitedDispatcher$Worker.run(LimitedDispatcher.kt:124)
	at kotlinx.coroutines.scheduling.TaskImpl.run(Tasks.kt:89)
	at kotlinx.coroutines.scheduling.CoroutineScheduler.runSafely(CoroutineScheduler.kt:586)
	at kotlinx.coroutines.scheduling.CoroutineScheduler$Worker.executeTask(CoroutineScheduler.kt:820)
	at kotlinx.coroutines.scheduling.CoroutineScheduler$Worker.runWorker(CoroutineScheduler.kt:717)
	at kotlinx.coroutines.scheduling.CoroutineScheduler$Worker.run(CoroutineScheduler.kt:704)
21:32:19.453 DEBUG [DefaultDispatcher-worker-8] PPoG - close
21:32:19.453 DEBUG [DefaultDispatcher-worker-8] KableGattConnector - disconnect()...
21:32:19.683 INFO  [DBus-Signal-Receiver-1] BluezGattServer - PropertiesChanged LOOPBACK #100 path=/org/bluez/hci0/dev_4B_AD_3E_ED_50_0F/service0019/char001a confirmed — signal reached D-Bus system bus (sent=96)
21:32:20.088 INFO  [DBus-Signal-Receiver-1] BluezGattServer - PropertiesChanged LOOPBACK #101 path=/org/bluez/hci0/dev_4B_AD_3E_ED_50_0F/service0019/char001a confirmed — signal reached D-Bus system bus (sent=96)
21:32:21.528 INFO  [DefaultDispatcher-worker-1] KableGattConnector - Disconnection: status=null
21:32:21.528 DEBUG [DefaultDispatcher-worker-6] KableGattConnector - /disconnect()...
21:32:21.528 INFO  [DefaultDispatcher-worker-6] BluezGattServer - unregisterDevice: {"object_path":"/org/bluez/hci0/dev_4B_AD_3E_ED_50_0F"}
21:32:21.529 INFO  [DefaultDispatcher-worker-6] BluezGattServer - unregisterDevice: cleared notifySubscribed (no more devices)
21:32:21.529 WARN  [DefaultDispatcher-worker-13] WatchManager - {"object_path":"/org/bluez/hci0/dev_4B_AD_3E_ED_50_0F"}: already done cleanup
21:32:21.534 DEBUG [DefaultDispatcher-worker-13] PebbleBle - connect() reversedPPoG = false
21:32:21.535 INFO  [DefaultDispatcher-worker-13] BluezGattServer - registerDevice: {"object_path":"/org/bluez/hci0/dev_4B_AD_3E_ED_50_0F"}
21:32:28.953 INFO  [DBus-Signal-Receiver-1] BluezGattServer - PropertiesChanged LOOPBACK #102 path=/org/bluez/hci0/dev_4B_AD_3E_ED_50_0F/service0019/char001a confirmed — signal reached D-Bus system bus (sent=96)
21:32:29.265 DEBUG [DefaultDispatcher-worker-4] PebbleBle - services = true
21:32:29.265 ERROR [DefaultDispatcher-worker-4] KableConnectedGattClient - couldn't find characteristic: 00000005-328e-0fbb-c642-1aa6699bdada
21:32:29.265 ERROR [DefaultDispatcher-worker-4]  - error subscribing to connection params
21:32:29.265 INFO  [DefaultDispatcher-worker-4] PebbleBle - error setting up connection params
21:32:29.265 DEBUG [DefaultDispatcher-worker-4] PebbleBle - done connectionParams
21:32:29.265 DEBUG [DefaultDispatcher-worker-4] PebbleBle - done mtu update
21:32:29.265 DEBUG [DefaultDispatcher-worker-4] PebbleBle - subscribed connectivity d
21:32:29.265 DEBUG [DefaultDispatcher-worker-15] PebbleBle - newMtu = 23
21:32:29.408 INFO  [DBus-Signal-Receiver-1] BluezGattServer - PropertiesChanged LOOPBACK #103 path=/org/bluez/hci0/dev_4B_AD_3E_ED_50_0F/service0019/char001a confirmed — signal reached D-Bus system bus (sent=96)
21:32:29.408 DEBUG [DefaultDispatcher-worker-4] PebbleBle - connectionStatus = < ConnectivityStatus connected = true paired = false encrypted = true hasBondedGateway = true supportsPinningWithoutSlaveSecurity = false hasRemoteAttemptedToUseStalePairing = false pairingErrorCode = NO_ERROR>
21:32:29.408 ERROR [DefaultDispatcher-worker-4] KableConnectedGattClient - couldn't find characteristic: 00002a19-0000-1000-8000-00805f9b34fb
21:32:29.408 ERROR [DefaultDispatcher-worker-4] BatteryWatcher - batterySub is null
21:32:29.415 DEBUG [DefaultDispatcher-worker-4] PebbleBle - phone thinks it is paired, watch does not
21:32:29.421 INFO  [DefaultDispatcher-worker-4] PairingJvm - createBond: already bonded, skipping Pair() for {"object_path":"/org/bluez/hci0/dev_4B_AD_3E_ED_50_0F"}
21:32:29.431 DEBUG [DefaultDispatcher-worker-4] PairingJvm - Already bonded: {"object_path":"/org/bluez/hci0/dev_4B_AD_3E_ED_50_0F"}
21:32:29.432 INFO  [DefaultDispatcher-worker-12] BluezGattServer - registerDevice: {"object_path":"/org/bluez/hci0/dev_4B_AD_3E_ED_50_0F"}
21:32:29.432 DEBUG [DefaultDispatcher-worker-12] PebbleBle - services after pairing = true
21:32:29.432 DEBUG [DefaultDispatcher-worker-12] PebbleBle - requestedPpogResetViaCharacteristic = false
21:32:29.432 INFO  [DefaultDispatcher-worker-12] PPoG - run(): waiting for PPoG RESET_REQUEST
21:32:29.432 DEBUG [DefaultDispatcher-worker-12] PebbleConnector - Success
21:32:29.432 INFO  [DefaultDispatcher-worker-4] PPoG - initWaitingForResetRequest: waiting for RESET_REQUEST
21:32:49.433 WARN  [DefaultDispatcher-worker-7] Negotiator - negotiation timed out
21:32:49.434 WARN  [DefaultDispatcher-worker-7] PebbleConnector - negotiation failed: disconnecting
21:32:49.434 DEBUG [DefaultDispatcher-worker-7] PPoG - close
21:32:49.434 DEBUG [DefaultDispatcher-worker-7] KableGattConnector - disconnect()...
21:32:51.550 INFO  [DefaultDispatcher-worker-8] KableGattConnector - Disconnection: status=null
21:32:51.550 DEBUG [DefaultDispatcher-worker-7] KableGattConnector - /disconnect()...
21:32:51.551 DEBUG [DefaultDispatcher-worker-9] KableGattConnector - disconnect()...
21:32:51.551 INFO  [DefaultDispatcher-worker-7] BluezGattServer - unregisterDevice: {"object_path":"/org/bluez/hci0/dev_4B_AD_3E_ED_50_0F"}
21:32:51.551 INFO  [DefaultDispatcher-worker-7] BluezGattServer - unregisterDevice: cleared notifySubscribed (no more devices)
21:32:51.551 DEBUG [DefaultDispatcher-worker-9] KableGattConnector - /disconnect()...
21:32:51.551 INFO  [DefaultDispatcher-worker-9] BluezGattServer - unregisterDevice: {"object_path":"/org/bluez/hci0/dev_4B_AD_3E_ED_50_0F"}
21:32:51.551 INFO  [DefaultDispatcher-worker-9] BluezGattServer - unregisterDevice: cleared notifySubscribed (no more devices)
21:32:51.556 DEBUG [DefaultDispatcher-worker-18] PebbleBle - connect() reversedPPoG = false
21:32:51.556 INFO  [DefaultDispatcher-worker-18] BluezGattServer - registerDevice: {"object_path":"/org/bluez/hci0/dev_4B_AD_3E_ED_50_0F"}
